<?xml version="1.0" encoding="UTF-8"?>
<!-- Generated by org.testng.reporters.JUnitXMLReporter -->
<testsuite ignored="2" hostname="OF060VM0T7HV2RL" failures="0" tests="1" name="test kroger" time="28.894" errors="0" timestamp="28 Oct 2019 17:57:05 GMT">
  <testcase classname="com.kroger.mobile.cases.TestQA_App" name="tc_Test" time="18.308"/>
  <testcase classname="com.krogerqa.seleniumcentral.framework.main.BaseTest" name="reporter" time="0.0">
    <ignored/>
  </testcase> <!-- reporter -->
  <testcase classname="com.krogerqa.seleniumcentral.framework.main.BaseTest" name="closeAllTasks" time="0.0">
    <ignored/>
  </testcase> <!-- closeAllTasks -->
</testsuite> <!-- test kroger -->
