<?xml version="1.0" encoding="UTF-8"?>
<testng-results ignored="2" total="3" passed="1" failed="0" skipped="0">
  <reporter-output>
    <line>
      <![CDATA[<style>#result_1{background-color: #43FF33;} #result_2{background-color: pink;} #result_3{background-color: #FFC300;} </style>]]>
    </line>
    <line>
      <![CDATA[<section id='result_1'>]]>
    </line>
    <line>
      <![CDATA[<br> [TestResult name=tc_Test status=SUCCESS method=TestQA_App.tc_Test()[pri:0, instance:com.kroger.mobile.cases.TestQA_App@522a32b1] output=<style>#result_1{background-color: #43FF33;} #result_2{background-color: pink;} #result_3{background-color: #FFC300;} </style>]]]>
    </line>
  </reporter-output>
  <suite started-at="2019-10-28T21:00:47Z" name="Smoke" finished-at="2019-10-28T21:01:43Z" duration-ms="56630">
    <groups>
      <group name="smoke">
        <method signature="TestQA_App.tc_Test()[pri:0, instance:com.kroger.mobile.cases.TestQA_App@522a32b1]" name="tc_Test" class="com.kroger.mobile.cases.TestQA_App"/>
      </group> <!-- smoke -->
    </groups>
    <test started-at="2019-10-28T21:00:47Z" name="test kroger" finished-at="2019-10-28T21:01:43Z" duration-ms="56630">
      <class name="com.kroger.mobile.cases.TestQA_App">
        <test-method is-config="true" signature="readParameters(java.lang.String, java.lang.String, java.lang.String, java.lang.String, java.lang.String, java.lang.String, java.lang.String, java.lang.String, java.lang.String, java.lang.String, java.lang.String, java.lang.String, java.lang.String, java.lang.String, java.lang.String, java.lang.String, java.lang.String, java.lang.String, java.lang.String, java.lang.String, java.lang.String, java.lang.String, java.lang.String, java.lang.String)[pri:0, instance:com.kroger.mobile.cases.TestQA_App@522a32b1]" started-at="2019-10-28T17:00:47Z" name="readParameters" finished-at="2019-10-28T17:00:47Z" duration-ms="13" status="PASS">
          <params>
            <param index="0">
              <value>
                <![CDATA[local]]>
              </value>
            </param>
            <param index="1">
              <value>
                <![CDATA[appium]]>
              </value>
            </param>
            <param index="2">
              <value>
                <![CDATA[30]]>
              </value>
            </param>
            <param index="3">
              <value is-null="true"/>
            </param>
            <param index="4">
              <value is-null="true"/>
            </param>
            <param index="5">
              <value>
                <![CDATA[false]]>
              </value>
            </param>
            <param index="6">
              <value>
                <![CDATA[false]]>
              </value>
            </param>
            <param index="7">
              <value>
                <![CDATA[android]]>
              </value>
            </param>
            <param index="8">
              <value>
                <![CDATA[8.1]]>
              </value>
            </param>
            <param index="9">
              <value>
                <![CDATA[Pixel]]>
              </value>
            </param>
            <param index="10">
              <value>
                <![CDATA[apps/VodQA.apk]]>
              </value>
            </param>
            <param index="11">
              <value>
                <![CDATA[4723]]>
              </value>
            </param>
            <param index="12">
              <value>
                <![CDATA[emulator]]>
              </value>
            </param>
            <param index="13">
              <value>
                <![CDATA[com.vodqareactnative]]>
              </value>
            </param>
            <param index="14">
              <value>
                <![CDATA[com.vodqareactnative.MainActivity]]>
              </value>
            </param>
            <param index="15">
              <value is-null="true"/>
            </param>
            <param index="16">
              <value is-null="true"/>
            </param>
            <param index="17">
              <value is-null="true"/>
            </param>
            <param index="18">
              <value is-null="true"/>
            </param>
            <param index="19">
              <value is-null="true"/>
            </param>
            <param index="20">
              <value is-null="true"/>
            </param>
            <param index="21">
              <value is-null="true"/>
            </param>
            <param index="22">
              <value is-null="true"/>
            </param>
            <param index="23">
              <value is-null="true"/>
            </param>
          </params>
          <reporter-output>
          </reporter-output>
        </test-method> <!-- readParameters -->
        <test-method is-config="true" signature="setupIfSingleSessionSuite()[pri:0, instance:com.kroger.mobile.cases.TestQA_App@522a32b1]" started-at="2019-10-28T17:00:47Z" name="setupIfSingleSessionSuite" finished-at="2019-10-28T17:00:47Z" duration-ms="1" status="PASS">
          <reporter-output>
          </reporter-output>
        </test-method> <!-- setupIfSingleSessionSuite -->
        <test-method is-config="true" signature="springTestContextPrepareTestInstance()[pri:0, instance:com.kroger.mobile.cases.TestQA_App@522a32b1]" started-at="2019-10-28T17:00:47Z" name="springTestContextPrepareTestInstance" finished-at="2019-10-28T17:00:47Z" depends-on-methods="org.springframework.test.context.testng.AbstractTestNGSpringContextTests.springTestContextBeforeTestClass" duration-ms="295" status="PASS">
          <reporter-output>
          </reporter-output>
        </test-method> <!-- springTestContextPrepareTestInstance -->
        <test-method is-config="true" signature="springTestContextBeforeTestClass()[pri:0, instance:com.kroger.mobile.cases.TestQA_App@522a32b1]" started-at="2019-10-28T17:00:47Z" name="springTestContextBeforeTestClass" finished-at="2019-10-28T17:00:47Z" duration-ms="0" status="PASS">
          <reporter-output>
          </reporter-output>
        </test-method> <!-- springTestContextBeforeTestClass -->
        <test-method is-config="true" signature="springTestContextBeforeTestMethod(java.lang.reflect.Method)[pri:0, instance:com.kroger.mobile.cases.TestQA_App@522a32b1]" started-at="2019-10-28T17:00:47Z" name="springTestContextBeforeTestMethod" finished-at="2019-10-28T17:00:47Z" duration-ms="1" status="PASS">
          <params>
            <param index="0">
              <value>
                <![CDATA[public void com.kroger.mobile.cases.TestQA_App.tc_Test()]]>
              </value>
            </param>
          </params>
          <reporter-output>
          </reporter-output>
        </test-method> <!-- springTestContextBeforeTestMethod -->
        <test-method is-config="true" signature="setupNormally()[pri:0, instance:com.kroger.mobile.cases.TestQA_App@522a32b1]" started-at="2019-10-28T17:00:47Z" name="setupNormally" finished-at="2019-10-28T17:01:25Z" duration-ms="37691" status="PASS">
          <reporter-output>
          </reporter-output>
        </test-method> <!-- setupNormally -->
        <test-method signature="tc_Test()[pri:0, instance:com.kroger.mobile.cases.TestQA_App@522a32b1]" started-at="2019-10-28T17:01:25Z" name="tc_Test" finished-at="2019-10-28T17:01:43Z" duration-ms="18281" status="PASS">
          <reporter-output>
            <line>
              <![CDATA[<style>#result_1{background-color: #43FF33;} #result_2{background-color: pink;} #result_3{background-color: #FFC300;} </style>]]>
            </line>
            <line>
              <![CDATA[<section id='result_1'>]]>
            </line>
            <line>
              <![CDATA[<br> [TestResult name=tc_Test status=SUCCESS method=TestQA_App.tc_Test()[pri:0, instance:com.kroger.mobile.cases.TestQA_App@522a32b1] output=<style>#result_1{background-color: #43FF33;} #result_2{background-color: pink;} #result_3{background-color: #FFC300;} </style>]]]>
            </line>
          </reporter-output>
        </test-method> <!-- tc_Test -->
        <test-method is-config="true" signature="teardownNormally()[pri:0, instance:com.kroger.mobile.cases.TestQA_App@522a32b1]" started-at="2019-10-28T17:01:43Z" name="teardownNormally" finished-at="2019-10-28T17:01:43Z" duration-ms="289" status="PASS">
          <reporter-output>
          </reporter-output>
        </test-method> <!-- teardownNormally -->
        <test-method is-config="true" signature="springTestContextAfterTestMethod(java.lang.reflect.Method)[pri:0, instance:com.kroger.mobile.cases.TestQA_App@522a32b1]" started-at="2019-10-28T17:01:43Z" name="springTestContextAfterTestMethod" finished-at="2019-10-28T17:01:43Z" duration-ms="0" status="PASS">
          <params>
            <param index="0">
              <value>
                <![CDATA[public void com.kroger.mobile.cases.TestQA_App.tc_Test()]]>
              </value>
            </param>
          </params>
          <reporter-output>
          </reporter-output>
        </test-method> <!-- springTestContextAfterTestMethod -->
        <test-method is-config="true" signature="springTestContextAfterTestClass()[pri:0, instance:com.kroger.mobile.cases.TestQA_App@522a32b1]" started-at="2019-10-28T17:01:43Z" name="springTestContextAfterTestClass" finished-at="2019-10-28T17:01:43Z" duration-ms="0" status="PASS">
          <reporter-output>
          </reporter-output>
        </test-method> <!-- springTestContextAfterTestClass -->
        <test-method is-config="true" signature="teardownIfSingleSessionSuite()[pri:0, instance:com.kroger.mobile.cases.TestQA_App@522a32b1]" started-at="2019-10-28T17:01:43Z" name="teardownIfSingleSessionSuite" finished-at="2019-10-28T17:01:43Z" duration-ms="0" status="PASS">
          <reporter-output>
          </reporter-output>
        </test-method> <!-- teardownIfSingleSessionSuite -->
      </class> <!-- com.kroger.mobile.cases.TestQA_App -->
    </test> <!-- test kroger -->
  </suite> <!-- Smoke -->
</testng-results>
